  [1m[35m (0.0ms)[0m  [1m[34mSELECT sqlite_version(*)[0m
  ↳ bin/rails:9
  [1m[35m (81.8ms)[0m  [1m[35mCREATE TABLE "schema_migrations" ("version" varchar NOT NULL PRIMARY KEY)[0m
  ↳ bin/rails:9
  [1m[35m (171.0ms)[0m  [1m[35mCREATE TABLE "ar_internal_metadata" ("key" varchar NOT NULL PRIMARY KEY, "value" varchar, "created_at" datetime NOT NULL, "updated_at" datetime NOT NULL)[0m
  ↳ bin/rails:9
  [1m[35m (0.6ms)[0m  [1m[34mSELECT "schema_migrations"."version" FROM "schema_migrations" ORDER BY "schema_migrations"."version" ASC[0m
  ↳ bin/rails:9
Migrating to CreateTweeets (20200613130418)
  [1m[35m (0.1ms)[0m  [1m[36mbegin transaction[0m
  ↳ bin/rails:9
  [1m[35m (2.3ms)[0m  [1m[35mCREATE TABLE "tweeets" ("id" integer PRIMARY KEY AUTOINCREMENT NOT NULL, "tweeets" text, "created_at" datetime NOT NULL, "updated_at" datetime NOT NULL)[0m
  ↳ db/migrate/20200613130418_create_tweeets.rb:3
  [1m[36mActiveRecord::SchemaMigration Create (0.9ms)[0m  [1m[32mINSERT INTO "schema_migrations" ("version") VALUES (?)[0m  [["version", "20200613130418"]]
  ↳ bin/rails:9
  [1m[35m (180.4ms)[0m  [1m[36mcommit transaction[0m
  ↳ bin/rails:9
  [1m[36mActiveRecord::InternalMetadata Load (0.7ms)[0m  [1m[34mSELECT  "ar_internal_metadata".* FROM "ar_internal_metadata" WHERE "ar_internal_metadata"."key" = ? LIMIT ?[0m  [["key", "environment"], ["LIMIT", 1]]
  ↳ bin/rails:9
  [1m[35m (0.1ms)[0m  [1m[36mbegin transaction[0m
  ↳ bin/rails:9
  [1m[36mActiveRecord::InternalMetadata Create (2.3ms)[0m  [1m[32mINSERT INTO "ar_internal_metadata" ("key", "value", "created_at", "updated_at") VALUES (?, ?, ?, ?)[0m  [["key", "environment"], ["value", "development"], ["created_at", "2020-06-13 13:07:29.915043"], ["updated_at", "2020-06-13 13:07:29.915043"]]
  ↳ bin/rails:9
  [1m[35m (159.6ms)[0m  [1m[36mcommit transaction[0m
  ↳ bin/rails:9
  [1m[35m (1.2ms)[0m  [1m[34mSELECT "schema_migrations"."version" FROM "schema_migrations" ORDER BY "schema_migrations"."version" ASC[0m
  ↳ bin/rails:9
Started GET "/" for 127.0.0.1 at 2020-06-13 14:08:18 +0100
  [1m[35m (0.8ms)[0m  [1m[34mSELECT "schema_migrations"."version" FROM "schema_migrations" ORDER BY "schema_migrations"."version" ASC[0m
  ↳ /var/lib/gems/2.5.0/gems/activerecord-5.2.4.3/lib/active_record/log_subscriber.rb:98
Processing by Rails::WelcomeController#index as HTML
  Rendering /var/lib/gems/2.5.0/gems/railties-5.2.4.3/lib/rails/templates/rails/welcome/index.html.erb
  Rendered /var/lib/gems/2.5.0/gems/railties-5.2.4.3/lib/rails/templates/rails/welcome/index.html.erb (2.9ms)
Completed 200 OK in 20ms (Views: 6.5ms | ActiveRecord: 0.0ms)


Started GET "/" for 127.0.0.1 at 2020-06-13 14:26:33 +0100
Processing by TweeetsController#index as HTML
  Rendering tweeets/index.html.erb within layouts/application
  [1m[36mTweeet Load (0.3ms)[0m  [1m[34mSELECT "tweeets".* FROM "tweeets"[0m
  ↳ app/views/tweeets/index.html.erb:14
  Rendered tweeets/index.html.erb within layouts/application (2.5ms)
Completed 200 OK in 2268ms (Views: 2261.8ms | ActiveRecord: 0.8ms)


Started GET "/tweeets/new" for 127.0.0.1 at 2020-06-13 14:27:12 +0100
Processing by TweeetsController#new as HTML
  Rendering tweeets/new.html.erb within layouts/application
  Rendered tweeets/_form.html.erb (378.7ms)
  Rendered tweeets/new.html.erb within layouts/application (382.1ms)
Completed 200 OK in 424ms (Views: 413.1ms | ActiveRecord: 1.4ms)


Started POST "/tweeets" for 127.0.0.1 at 2020-06-13 14:27:17 +0100
Processing by TweeetsController#create as HTML
  Parameters: {"utf8"=>"✓", "authenticity_token"=>"v4mWZVgSfGdDNptcSm42k9f12WAuKZWZdD6tI2fJeX1lNhuXxRdN4SGqNRewOD+FJpaxpNRw1rvAiCMgnjpZSg==", "tweeet"=>{"tweeets"=>"Abdoulaye"}, "commit"=>"Create Tweeet"}
  [1m[35m (0.1ms)[0m  [1m[36mbegin transaction[0m
  ↳ app/controllers/tweeets_controller.rb:30
  [1m[36mTweeet Create (1.9ms)[0m  [1m[32mINSERT INTO "tweeets" ("tweeets", "created_at", "updated_at") VALUES (?, ?, ?)[0m  [["tweeets", "Abdoulaye"], ["created_at", "2020-06-13 13:27:17.872065"], ["updated_at", "2020-06-13 13:27:17.872065"]]
  ↳ app/controllers/tweeets_controller.rb:30
  [1m[35m (109.8ms)[0m  [1m[36mcommit transaction[0m
  ↳ app/controllers/tweeets_controller.rb:30
Redirected to http://localhost:3000/tweeets/1
Completed 302 Found in 119ms (ActiveRecord: 111.9ms)


Started GET "/tweeets/1" for 127.0.0.1 at 2020-06-13 14:27:17 +0100
Processing by TweeetsController#show as HTML
  Parameters: {"id"=>"1"}
  [1m[36mTweeet Load (0.7ms)[0m  [1m[34mSELECT  "tweeets".* FROM "tweeets" WHERE "tweeets"."id" = ? LIMIT ?[0m  [["id", 1], ["LIMIT", 1]]
  ↳ app/controllers/tweeets_controller.rb:67
  Rendering tweeets/show.html.erb within layouts/application
  Rendered tweeets/show.html.erb within layouts/application (0.9ms)
Completed 200 OK in 48ms (Views: 36.5ms | ActiveRecord: 0.7ms)


Started GET "/tweeets" for 127.0.0.1 at 2020-06-13 14:27:22 +0100
Processing by TweeetsController#index as HTML
  Rendering tweeets/index.html.erb within layouts/application
  [1m[36mTweeet Load (0.3ms)[0m  [1m[34mSELECT "tweeets".* FROM "tweeets"[0m
  ↳ app/views/tweeets/index.html.erb:14
  Rendered tweeets/index.html.erb within layouts/application (1.5ms)
Completed 200 OK in 39ms (Views: 31.3ms | ActiveRecord: 0.3ms)


Started GET "/tweeets/1" for 127.0.0.1 at 2020-06-13 14:27:28 +0100
Processing by TweeetsController#show as HTML
  Parameters: {"id"=>"1"}
  [1m[36mTweeet Load (0.9ms)[0m  [1m[34mSELECT  "tweeets".* FROM "tweeets" WHERE "tweeets"."id" = ? LIMIT ?[0m  [["id", 1], ["LIMIT", 1]]
  ↳ app/controllers/tweeets_controller.rb:67
  Rendering tweeets/show.html.erb within layouts/application
  Rendered tweeets/show.html.erb within layouts/application (0.7ms)
Completed 200 OK in 63ms (Views: 47.2ms | ActiveRecord: 0.9ms)


Started GET "/tweeets" for 127.0.0.1 at 2020-06-13 14:27:30 +0100
Processing by TweeetsController#index as HTML
  Rendering tweeets/index.html.erb within layouts/application
  [1m[36mTweeet Load (0.5ms)[0m  [1m[34mSELECT "tweeets".* FROM "tweeets"[0m
  ↳ app/views/tweeets/index.html.erb:14
  Rendered tweeets/index.html.erb within layouts/application (2.1ms)
Completed 200 OK in 59ms (Views: 44.2ms | ActiveRecord: 0.5ms)


Started GET "/tweeets" for 127.0.0.1 at 2020-06-13 14:55:55 +0100
Processing by TweeetsController#index as HTML
  Rendering tweeets/index.html.erb within layouts/application
  [1m[36mTweeet Load (0.8ms)[0m  [1m[34mSELECT "tweeets".* FROM "tweeets"[0m
  ↳ app/views/tweeets/index.html.erb:14
  Rendered tweeets/index.html.erb within layouts/application (4.4ms)
Completed 200 OK in 77ms (Views: 68.8ms | ActiveRecord: 0.8ms)


Started GET "/tweeets" for 127.0.0.1 at 2020-06-13 14:56:00 +0100
Processing by TweeetsController#index as HTML
  Rendering tweeets/index.html.erb within layouts/application
  [1m[36mTweeet Load (1.0ms)[0m  [1m[34mSELECT "tweeets".* FROM "tweeets"[0m
  ↳ app/views/tweeets/index.html.erb:14
  Rendered tweeets/index.html.erb within layouts/application (4.3ms)
Completed 200 OK in 89ms (Views: 78.0ms | ActiveRecord: 1.0ms)


Started GET "/tweeets/1" for 127.0.0.1 at 2020-06-13 14:56:02 +0100
Processing by TweeetsController#show as HTML
  Parameters: {"id"=>"1"}
  [1m[36mTweeet Load (2.7ms)[0m  [1m[34mSELECT  "tweeets".* FROM "tweeets" WHERE "tweeets"."id" = ? LIMIT ?[0m  [["id", 1], ["LIMIT", 1]]
  ↳ app/controllers/tweeets_controller.rb:67
  Rendering tweeets/show.html.erb within layouts/application
  Rendered tweeets/show.html.erb within layouts/application (0.6ms)
Completed 200 OK in 45ms (Views: 34.8ms | ActiveRecord: 2.7ms)


Started GET "/tweeets/new" for 127.0.0.1 at 2020-06-13 14:56:05 +0100
Processing by TweeetsController#new as HTML
  Rendering tweeets/new.html.erb within layouts/application
  Rendered tweeets/_form.html.erb (1.8ms)
  Rendered tweeets/new.html.erb within layouts/application (7.5ms)
Completed 200 OK in 65ms (Views: 53.6ms | ActiveRecord: 0.0ms)


Started GET "/" for 127.0.0.1 at 2020-06-13 14:56:10 +0100
Processing by TweeetsController#index as HTML
  Rendering tweeets/index.html.erb within layouts/application
  [1m[36mTweeet Load (0.3ms)[0m  [1m[34mSELECT "tweeets".* FROM "tweeets"[0m
  ↳ app/views/tweeets/index.html.erb:14
  Rendered tweeets/index.html.erb within layouts/application (1.5ms)
Completed 200 OK in 34ms (Views: 28.0ms | ActiveRecord: 0.3ms)


